2018-02-06T06:53:11.118Z - info: LOAD_TEAMS : [
  "T077KKCG6"
]
2018-02-06T06:53:11.126Z - info: T077KKCG6 usage: 0
2018-02-06T06:53:11.130Z - info: SET_NETWORK_STATUS : "online"
2018-02-06T06:53:11.196Z - info: Checking network connection to Slack...
2018-02-06T06:53:11.223Z - info: Bugsnag user: U94PZ37KR
2018-02-06T06:53:13.634Z - info: Checking network connection to Slack...
2018-02-06T07:33:28.417Z - info: Checking network connection to Slack...
2018-02-06T07:33:31.758Z - info: Checking network connection to Slack...
2018-02-06T07:33:33.758Z - info: Checking network connection to Slack...
2018-02-06T07:53:28.552Z - info: Checking network connection to Slack...
2018-02-06T07:53:31.758Z - info: Checking network connection to Slack...
2018-02-06T07:53:33.758Z - info: Checking network connection to Slack...
2018-02-06T07:53:36.758Z - info: Checking network connection to Slack...
2018-02-06T07:55:28.438Z - info: Checking network connection to Slack...
2018-02-06T07:59:28.398Z - info: Checking network connection to Slack...
2018-02-06T07:59:31.758Z - info: Checking network connection to Slack...
2018-02-06T08:07:28.509Z - info: Checking network connection to Slack...
2018-02-06T08:07:31.758Z - info: Checking network connection to Slack...
2018-02-06T08:07:33.759Z - info: Checking network connection to Slack...
2018-02-06T08:15:28.376Z - info: Checking network connection to Slack...
2018-02-06T08:15:31.760Z - info: Checking network connection to Slack...
2018-02-06T08:15:33.758Z - info: Checking network connection to Slack...
2018-02-06T08:19:28.384Z - info: Checking network connection to Slack...
2018-02-06T08:19:31.758Z - info: Checking network connection to Slack...
2018-02-06T08:35:29.571Z - info: Checking network connection to Slack...
2018-02-06T08:35:32.758Z - info: Checking network connection to Slack...
2018-02-06T08:35:34.758Z - info: Checking network connection to Slack...
2018-02-06T08:37:28.539Z - info: Checking network connection to Slack...
2018-02-06T09:27:28.563Z - info: Checking network connection to Slack...
2018-02-06T09:27:31.758Z - info: Checking network connection to Slack...
2018-02-06T09:29:28.522Z - info: Checking network connection to Slack...
2018-02-06T10:13:38.759Z - info: SET_NETWORK_STATUS : "offline"
2018-02-06T10:24:01.598Z - info: Checking network connection to Slack...
2018-02-06T10:24:01.970Z - info: SET_NETWORK_STATUS : "online"
2018-02-06T10:24:02.970Z - info: SET_NETWORK_STATUS : "offline"
2018-02-06T10:24:03.971Z - info: Checking network connection to Slack...
2018-02-06T10:24:06.970Z - info: SET_NETWORK_STATUS : "online"
2018-02-06T10:45:16.818Z - info: Checking network connection to Slack...
2018-02-06T10:49:16.795Z - info: Checking network connection to Slack...
2018-02-06T10:51:16.808Z - info: Checking network connection to Slack...
