2018-02-05T14:40:37.619Z - info: Attempting detection, string length: 8
2018-02-05T14:40:42.288Z - info: Failed to get messages from webapp: Cannot read property 'id' of null
2018-02-05T14:40:58.241Z - info: Attempting detection, string length: 9
2018-02-05T14:40:58.849Z - info: Attempting detection, string length: 10
2018-02-05T14:40:59.103Z - info: Attempting detection, string length: 11
2018-02-05T14:40:59.106Z - info: Auto-detected language as rm
2018-02-05T14:40:59.154Z - info: Raw Locale list: ["C","C.UTF-8","en_AG","en_AG.utf8","en_AU.utf8","en_BW.utf8","en_CA.utf8","en_DK.utf8","en_GB.utf8","en_HK.utf8","en_IE.utf8","en_IL","en_IL.utf8","en_IN","en_IN.utf8","en_NG","en_NG.utf8","en_NZ.utf8","en_PH.utf8","en_SG.utf8","en_US.utf8","en_ZA.utf8","en_ZM","en_ZM.utf8","en_ZW.utf8","om_KE.utf8","POSIX",""]
2018-02-05T14:40:59.154Z - info: Filtered Locale list: ["en_AG","en_AG","en_AU","en_BW","en_CA","en_DK","en_GB","en_HK","en_IE","en_IL","en_IL","en_IN","en_IN","en_NG","en_NG","en_NZ","en_PH","en_SG","en_US","en_ZA","en_ZM","en_ZM","en_ZW","om_KE"]
2018-02-05T14:40:59.155Z - info: Counts: {"en":["en_AG","en_AG","en_AU","en_BW","en_CA","en_DK","en_GB","en_HK","en_IE","en_IL","en_IL","en_IN","en_IN","en_NG","en_NG","en_NZ","en_PH","en_SG","en_US","en_ZA","en_ZM","en_ZM","en_ZW"],"om":["om_KE"]}
2018-02-05T14:40:59.155Z - info: Setting om
2018-02-05T14:40:59.156Z - info: Result: {"om":"om-KE","en":"en-US"}
2018-02-05T14:40:59.159Z - info: Failed to load dictionary undefined: Cannot read property 'substring' of undefined
2018-02-05T14:40:59.160Z - info: Failed to load dictionary: Cannot read property 'substring' of undefined
2018-02-05T14:41:00.841Z - info: Window is unloading, winssb is no longer accessible
2018-02-05T14:41:53.183Z - info: Attempting detection, string length: 14
2018-02-05T14:42:00.010Z - info: Attempting detection, string length: 15
2018-02-05T14:42:00.707Z - info: Attempting detection, string length: 16
2018-02-05T14:42:00.969Z - info: Attempting detection, string length: 17
2018-02-05T14:42:00.971Z - info: Auto-detected language as en
2018-02-05T14:42:01.010Z - info: Raw Locale list: ["C","C.UTF-8","en_AG","en_AG.utf8","en_AU.utf8","en_BW.utf8","en_CA.utf8","en_DK.utf8","en_GB.utf8","en_HK.utf8","en_IE.utf8","en_IL","en_IL.utf8","en_IN","en_IN.utf8","en_NG","en_NG.utf8","en_NZ.utf8","en_PH.utf8","en_SG.utf8","en_US.utf8","en_ZA.utf8","en_ZM","en_ZM.utf8","en_ZW.utf8","om_KE.utf8","POSIX",""]
2018-02-05T14:42:01.010Z - info: Filtered Locale list: ["en_AG","en_AG","en_AU","en_BW","en_CA","en_DK","en_GB","en_HK","en_IE","en_IL","en_IL","en_IN","en_IN","en_NG","en_NG","en_NZ","en_PH","en_SG","en_US","en_ZA","en_ZM","en_ZM","en_ZW","om_KE"]
2018-02-05T14:42:01.011Z - info: Counts: {"en":["en_AG","en_AG","en_AU","en_BW","en_CA","en_DK","en_GB","en_HK","en_IE","en_IL","en_IL","en_IN","en_IN","en_NG","en_NG","en_NZ","en_PH","en_SG","en_US","en_ZA","en_ZM","en_ZM","en_ZW"],"om":["om_KE"]}
2018-02-05T14:42:01.011Z - info: Setting om
2018-02-05T14:42:01.012Z - info: Result: {"om":"om-KE","en":"en-US"}
2018-02-05T14:42:01.015Z - info: Requesting to load en-US, alternatives are ["en-US","en-US","en-US"]
2018-02-05T14:42:01.018Z - info: Loading dictionary for language en-US
2018-02-05T14:42:01.018Z - info: Actually downloading https://redirector.gvt1.com/edgedl/chrome/dict/en-us-7-1.bdic
2018-02-05T14:42:01.662Z - info: Attempting detection, string length: 20
2018-02-05T14:42:01.663Z - info: Auto-detected language as en
2018-02-05T14:42:01.664Z - info: Requesting to load en-US, alternatives are ["en-US","en-US","en-US"]
2018-02-05T14:42:01.665Z - info: Loading dictionary for language en-US
2018-02-05T14:42:01.665Z - info: Actually downloading https://redirector.gvt1.com/edgedl/chrome/dict/en-us-7-1.bdic
2018-02-05T14:42:02.065Z - info: Attempting detection, string length: 21
2018-02-05T14:42:02.066Z - info: Auto-detected language as en
2018-02-05T14:42:02.067Z - info: Requesting to load en-US, alternatives are ["en-US","en-US","en-US"]
2018-02-05T14:42:02.067Z - info: Loading dictionary for language en-US
2018-02-05T14:42:02.067Z - info: Actually downloading https://redirector.gvt1.com/edgedl/chrome/dict/en-us-7-1.bdic
2018-02-05T14:42:02.801Z - info: Attempting detection, string length: 24
2018-02-05T14:42:02.802Z - info: Auto-detected language as en
2018-02-05T14:42:02.803Z - info: Requesting to load en-US, alternatives are ["en-US","en-US","en-US"]
2018-02-05T14:42:02.803Z - info: Loading dictionary for language en-US
2018-02-05T14:42:02.803Z - info: Actually downloading https://redirector.gvt1.com/edgedl/chrome/dict/en-us-7-1.bdic
2018-02-05T14:42:08.195Z - info: Attempting detection, string length: 8
2018-02-05T14:42:08.696Z - info: Attempting detection, string length: 10
2018-02-05T14:42:09.126Z - info: Window is unloading, winssb is no longer accessible
2018-02-05T14:42:12.016Z - info: Setting current spellchecker to en-US, requested language was en-US
2018-02-05T14:42:12.016Z - info: Creating node-spellchecker instance
2018-02-05T14:42:12.019Z - info: Actually installing spell check provider to Electron
2018-02-05T14:42:12.020Z - info: New Language is en-US
2018-02-05T14:42:12.906Z - info: Setting current spellchecker to en-US, requested language was en-US
2018-02-05T14:42:12.906Z - info: New Language is en-US
2018-02-05T14:42:13.186Z - info: Setting current spellchecker to en-US, requested language was en-US
2018-02-05T14:42:13.187Z - info: New Language is en-US
2018-02-05T14:42:15.397Z - info: Setting current spellchecker to en-US, requested language was en-US
2018-02-05T14:42:15.398Z - info: New Language is en-US
2018-02-05T14:42:15.466Z - info: Window is unloading, winssb is no longer accessible
2018-02-05T14:42:48.206Z - info: Window is unloading, winssb is no longer accessible
2018-02-05T14:42:51.032Z - info: Window is unloading, winssb is no longer accessible
2018-02-05T14:43:04.592Z - info: Window is unloading, winssb is no longer accessible
2018-02-05T14:43:05.421Z - info: Window is unloading, winssb is no longer accessible
2018-02-05T14:43:06.923Z - info: Window is unloading, winssb is no longer accessible
2018-02-05T14:43:11.282Z - info: Window is unloading, winssb is no longer accessible
2018-02-05T14:43:14.574Z - info: Window is unloading, winssb is no longer accessible
2018-02-05T14:43:17.735Z - info: Window is unloading, winssb is no longer accessible
2018-02-05T14:43:17.846Z - info: Window is unloading, winssb is no longer accessible
2018-02-05T14:43:18.117Z - info: Window is unloading, winssb is no longer accessible
2018-02-05T14:43:18.396Z - info: Window is unloading, winssb is no longer accessible
2018-02-05T14:43:32.335Z - info: Window is unloading, winssb is no longer accessible
2018-02-05T14:43:35.051Z - info: Window is unloading, winssb is no longer accessible
2018-02-05T14:43:40.868Z - info: Window is unloading, winssb is no longer accessible
2018-02-05T14:56:58.443Z - info: Unloading spellchecker
2018-02-05T17:44:57.338Z - info: Attempting detection, string length: 8
2018-02-05T17:44:57.737Z - info: Attempting detection, string length: 9
2018-02-05T17:44:58.067Z - info: Attempting detection, string length: 10
2018-02-05T17:44:58.498Z - info: Attempting detection, string length: 12
2018-02-05T17:44:58.820Z - info: Attempting detection, string length: 13
2018-02-05T17:44:59.785Z - info: Attempting detection, string length: 14
2018-02-05T17:45:00.100Z - info: Attempting detection, string length: 15
2018-02-05T17:45:00.658Z - info: Attempting detection, string length: 17
2018-02-05T17:45:00.661Z - info: Auto-detected language as nl
2018-02-05T17:45:00.707Z - info: Raw Locale list: ["C","C.UTF-8","en_AG","en_AG.utf8","en_AU.utf8","en_BW.utf8","en_CA.utf8","en_DK.utf8","en_GB.utf8","en_HK.utf8","en_IE.utf8","en_IL","en_IL.utf8","en_IN","en_IN.utf8","en_NG","en_NG.utf8","en_NZ.utf8","en_PH.utf8","en_SG.utf8","en_US.utf8","en_ZA.utf8","en_ZM","en_ZM.utf8","en_ZW.utf8","om_KE.utf8","POSIX",""]
2018-02-05T17:45:00.707Z - info: Filtered Locale list: ["en_AG","en_AG","en_AU","en_BW","en_CA","en_DK","en_GB","en_HK","en_IE","en_IL","en_IL","en_IN","en_IN","en_NG","en_NG","en_NZ","en_PH","en_SG","en_US","en_ZA","en_ZM","en_ZM","en_ZW","om_KE"]
2018-02-05T17:45:00.708Z - info: Counts: {"en":["en_AG","en_AG","en_AU","en_BW","en_CA","en_DK","en_GB","en_HK","en_IE","en_IL","en_IL","en_IN","en_IN","en_NG","en_NG","en_NZ","en_PH","en_SG","en_US","en_ZA","en_ZM","en_ZM","en_ZW"],"om":["om_KE"]}
2018-02-05T17:45:00.708Z - info: Setting om
2018-02-05T17:45:00.709Z - info: Result: {"om":"om-KE","en":"en-US"}
2018-02-05T17:45:00.710Z - info: Requesting to load nl-NL, alternatives are ["nl-NL","nl-NL","nl-NL"]
2018-02-05T17:45:00.713Z - info: Loading dictionary for language nl-NL
2018-02-05T17:45:00.724Z - info: Actually downloading https://redirector.gvt1.com/edgedl/chrome/dict/nl-nl-3-0.bdic
2018-02-05T17:45:01.852Z - info: Attempting detection, string length: 19
2018-02-05T17:45:02.656Z - info: Attempting detection, string length: 20
2018-02-05T17:45:03.018Z - info: Attempting detection, string length: 21
2018-02-05T17:45:03.385Z - info: Attempting detection, string length: 22
2018-02-05T17:45:03.392Z - info: Auto-detected language as en
2018-02-05T17:45:03.392Z - info: Requesting to load en-US, alternatives are ["en-US","en-US","en-US"]
2018-02-05T17:45:03.393Z - info: Loading dictionary for language en-US
2018-02-05T17:45:03.393Z - info: Returning local copy: /home/nimo/.config/Slack/dictionaries/en-US.bdic
2018-02-05T17:45:03.430Z - info: Setting current spellchecker to en-US, requested language was en-US
2018-02-05T17:45:03.430Z - info: Creating node-spellchecker instance
2018-02-05T17:45:03.449Z - info: Actually installing spell check provider to Electron
2018-02-05T17:45:03.465Z - info: New Language is en-US
2018-02-05T17:45:06.429Z - info: Setting current spellchecker to nl-NL, requested language was nl-NL
2018-02-05T17:45:06.429Z - info: Creating node-spellchecker instance
2018-02-05T17:45:06.432Z - info: Actually installing spell check provider to Electron
2018-02-05T17:45:06.433Z - info: New Language is nl-NL
2018-02-05T17:45:06.754Z - info: Window is unloading, winssb is no longer accessible
2018-02-05T17:45:07.172Z - info: Window is unloading, winssb is no longer accessible
2018-02-05T17:45:08.975Z - info: ADD_NEW_TEAM : {
  "id": "U94PZ37KR",
  "name": "nimomohamed800",
  "team_id": "T077KKCG6",
  "team_name": "Moringa School",
  "team_url": "https://moringaschool.slack.com/"
}
2018-02-05T17:45:08.979Z - info: SET_LOGIN_DIALOG 
2018-02-06T06:53:34.425Z - info: Unloading spellchecker
2018-02-06T06:54:17.255Z - info: Unloading spellchecker
2018-02-06T06:56:48.723Z - info: SELECT_CHANNEL : "C077KNK28"
2018-02-06T06:56:48.738Z - info: UPDATE_TEAM_THEME : {
  "theme": {
    "column_bg": "#4D394B",
    "menu_bg": "#3E313C",
    "active_item": "#4C9689",
    "active_item_text": "#FFFFFF",
    "hover_item": "#3E313C",
    "text_color": "#FFFFFF",
    "active_presence": "#38978D",
    "badge": "#EB4D5C"
  },
  "teamId": "T077KKCG6"
}
2018-02-06T06:56:49.207Z - info: UPDATE_UNREADS_INFO : {
  "unreads": 5,
  "unreadHighlights": 0,
  "showBullet": true,
  "teamId": "T077KKCG6"
}
2018-02-06T06:56:49.216Z - info: UPDATE_UNREADS_INFO : {
  "unreads": 5,
  "unreadHighlights": 0,
  "showBullet": true,
  "teamId": "T077KKCG6"
}
2018-02-06T06:56:52.731Z - info: Failed to get messages from webapp: Failed to fetch recent messages
2018-02-06T06:56:55.224Z - info: Unloading spellchecker
2018-02-06T06:56:58.901Z - info: UPDATE_TEAM_ICONS : {
  "icons": {
    "image_34": "https://slack-files2.s3-us-west-2.amazonaws.com/avatars/2016-06-08/49221502963_e752abd663f106913c95_34.png",
    "image_44": "https://slack-files2.s3-us-west-2.amazonaws.com/avatars/2016-06-08/49221502963_e752abd663f106913c95_44.png",
    "image_68": "https://slack-files2.s3-us-west-2.amazonaws.com/avatars/2016-06-08/49221502963_e752abd663f106913c95_68.png",
    "image_88": "https://slack-files2.s3-us-west-2.amazonaws.com/avatars/2016-06-08/49221502963_e752abd663f106913c95_88.png",
    "image_102": "https://slack-files2.s3-us-west-2.amazonaws.com/avatars/2016-06-08/49221502963_e752abd663f106913c95_102.png",
    "image_132": "https://slack-files2.s3-us-west-2.amazonaws.com/avatars/2016-06-08/49221502963_e752abd663f106913c95_132.png",
    "image_230": "https://slack-files2.s3-us-west-2.amazonaws.com/avatars/2016-06-08/49221502963_e752abd663f106913c95_230.png",
    "image_original": "https://slack-files2.s3-us-west-2.amazonaws.com/avatars/2016-06-08/49221502963_e752abd663f106913c95_original.png"
  },
  "teamId": "T077KKCG6"
}
2018-02-06T06:56:59.053Z - info: UPDATE_UNREADS_INFO : {
  "unreads": 5,
  "unreadHighlights": 0,
  "showBullet": true,
  "teamId": "T077KKCG6"
}
2018-02-06T06:57:01.239Z - info: UPDATE_UNREADS_INFO : {
  "unreads": 5,
  "unreadHighlights": 0,
  "showBullet": true,
  "teamId": "T077KKCG6"
}
2018-02-06T06:57:03.663Z - info: UPDATE_UNREADS_INFO : {
  "unreads": 0,
  "unreadHighlights": 0,
  "showBullet": true,
  "teamId": "T077KKCG6"
}
2018-02-06T06:57:05.718Z - info: Unloading spellchecker
2018-02-06T06:57:09.008Z - info: Failed to get messages from webapp: Failed to fetch recent messages
2018-02-06T06:57:36.638Z - info: SELECT_CHANNEL : "D94GNDRS9"
2018-02-06T06:57:40.641Z - info: Failed to get messages from webapp: Failed to fetch recent messages
2018-02-06T06:58:13.472Z - info: Unloading spellchecker
2018-02-06T07:01:51.414Z - info: UPDATE_UNREADS_INFO : {
  "unreads": 1,
  "unreadHighlights": 0,
  "showBullet": true,
  "teamId": "T077KKCG6"
}
2018-02-06T07:02:47.729Z - info: UPDATE_UNREADS_INFO : {
  "unreads": 2,
  "unreadHighlights": 0,
  "showBullet": true,
  "teamId": "T077KKCG6"
}
2018-02-06T07:11:42.031Z - info: UPDATE_UNREADS_INFO : {
  "unreads": 3,
  "unreadHighlights": 0,
  "showBullet": true,
  "teamId": "T077KKCG6"
}
2018-02-06T07:16:47.951Z - info: Unloading spellchecker
2018-02-06T07:22:37.364Z - info: UPDATE_UNREADS_INFO : {
  "unreads": 4,
  "unreadHighlights": 0,
  "showBullet": true,
  "teamId": "T077KKCG6"
}
2018-02-06T07:33:55.321Z - info: UPDATE_UNREADS_INFO : {
  "unreads": 4,
  "unreadHighlights": 0,
  "showBullet": true,
  "teamId": "T077KKCG6"
}
2018-02-06T07:53:54.340Z - info: UPDATE_UNREADS_INFO : {
  "unreads": 4,
  "unreadHighlights": 0,
  "showBullet": true,
  "teamId": "T077KKCG6"
}
2018-02-06T07:55:48.989Z - info: UPDATE_UNREADS_INFO : {
  "unreads": 4,
  "unreadHighlights": 0,
  "showBullet": true,
  "teamId": "T077KKCG6"
}
2018-02-06T07:59:40.075Z - info: UPDATE_UNREADS_INFO : {
  "unreads": 4,
  "unreadHighlights": 0,
  "showBullet": true,
  "teamId": "T077KKCG6"
}
2018-02-06T08:08:07.655Z - info: UPDATE_TEAM_ICONS : {
  "icons": {
    "image_34": "https://slack-files2.s3-us-west-2.amazonaws.com/avatars/2016-06-08/49221502963_e752abd663f106913c95_34.png",
    "image_44": "https://slack-files2.s3-us-west-2.amazonaws.com/avatars/2016-06-08/49221502963_e752abd663f106913c95_44.png",
    "image_68": "https://slack-files2.s3-us-west-2.amazonaws.com/avatars/2016-06-08/49221502963_e752abd663f106913c95_68.png",
    "image_88": "https://slack-files2.s3-us-west-2.amazonaws.com/avatars/2016-06-08/49221502963_e752abd663f106913c95_88.png",
    "image_102": "https://slack-files2.s3-us-west-2.amazonaws.com/avatars/2016-06-08/49221502963_e752abd663f106913c95_102.png",
    "image_132": "https://slack-files2.s3-us-west-2.amazonaws.com/avatars/2016-06-08/49221502963_e752abd663f106913c95_132.png",
    "image_230": "https://slack-files2.s3-us-west-2.amazonaws.com/avatars/2016-06-08/49221502963_e752abd663f106913c95_230.png",
    "image_original": "https://slack-files2.s3-us-west-2.amazonaws.com/avatars/2016-06-08/49221502963_e752abd663f106913c95_original.png"
  },
  "teamId": "T077KKCG6"
}
2018-02-06T08:08:07.868Z - info: UPDATE_UNREADS_INFO : {
  "unreads": 4,
  "unreadHighlights": 0,
  "showBullet": true,
  "teamId": "T077KKCG6"
}
2018-02-06T08:08:10.548Z - info: UPDATE_UNREADS_INFO : {
  "unreads": 1,
  "unreadHighlights": 0,
  "showBullet": true,
  "teamId": "T077KKCG6"
}
2018-02-06T08:15:50.984Z - info: UPDATE_UNREADS_INFO : {
  "unreads": 1,
  "unreadHighlights": 0,
  "showBullet": true,
  "teamId": "T077KKCG6"
}
2018-02-06T08:20:21.878Z - info: UPDATE_TEAM_ICONS : {
  "icons": {
    "image_34": "https://slack-files2.s3-us-west-2.amazonaws.com/avatars/2016-06-08/49221502963_e752abd663f106913c95_34.png",
    "image_44": "https://slack-files2.s3-us-west-2.amazonaws.com/avatars/2016-06-08/49221502963_e752abd663f106913c95_44.png",
    "image_68": "https://slack-files2.s3-us-west-2.amazonaws.com/avatars/2016-06-08/49221502963_e752abd663f106913c95_68.png",
    "image_88": "https://slack-files2.s3-us-west-2.amazonaws.com/avatars/2016-06-08/49221502963_e752abd663f106913c95_88.png",
    "image_102": "https://slack-files2.s3-us-west-2.amazonaws.com/avatars/2016-06-08/49221502963_e752abd663f106913c95_102.png",
    "image_132": "https://slack-files2.s3-us-west-2.amazonaws.com/avatars/2016-06-08/49221502963_e752abd663f106913c95_132.png",
    "image_230": "https://slack-files2.s3-us-west-2.amazonaws.com/avatars/2016-06-08/49221502963_e752abd663f106913c95_230.png",
    "image_original": "https://slack-files2.s3-us-west-2.amazonaws.com/avatars/2016-06-08/49221502963_e752abd663f106913c95_original.png"
  },
  "teamId": "T077KKCG6"
}
2018-02-06T08:20:21.988Z - info: UPDATE_UNREADS_INFO : {
  "unreads": 1,
  "unreadHighlights": 0,
  "showBullet": true,
  "teamId": "T077KKCG6"
}
2018-02-06T08:20:23.900Z - info: UPDATE_UNREADS_INFO : {
  "unreads": 0,
  "unreadHighlights": 0,
  "showBullet": true,
  "teamId": "T077KKCG6"
}
2018-02-06T08:20:24.532Z - info: UPDATE_UNREADS_INFO : {
  "unreads": 0,
  "unreadHighlights": 0,
  "showBullet": true,
  "teamId": "T077KKCG6"
}
2018-02-06T08:35:42.388Z - info: UPDATE_UNREADS_INFO : {
  "unreads": 0,
  "unreadHighlights": 0,
  "showBullet": true,
  "teamId": "T077KKCG6"
}
2018-02-06T08:37:51.057Z - info: UPDATE_UNREADS_INFO : {
  "unreads": 0,
  "unreadHighlights": 0,
  "showBullet": true,
  "teamId": "T077KKCG6"
}
2018-02-06T08:47:22.248Z - info: UPDATE_UNREADS_INFO : {
  "unreads": 0,
  "unreadHighlights": 0,
  "showBullet": true,
  "teamId": "T077KKCG6"
}
2018-02-06T09:27:48.056Z - info: UPDATE_UNREADS_INFO : {
  "unreads": 0,
  "unreadHighlights": 0,
  "showBullet": true,
  "teamId": "T077KKCG6"
}
2018-02-06T09:29:38.178Z - info: UPDATE_UNREADS_INFO : {
  "unreads": 0,
  "unreadHighlights": 0,
  "showBullet": true,
  "teamId": "T077KKCG6"
}
2018-02-06T10:02:47.025Z - info: Unloading spellchecker
2018-02-06T10:24:36.064Z - info: UPDATE_TEAM_ICONS : {
  "icons": {
    "image_34": "https://slack-files2.s3-us-west-2.amazonaws.com/avatars/2016-06-08/49221502963_e752abd663f106913c95_34.png",
    "image_44": "https://slack-files2.s3-us-west-2.amazonaws.com/avatars/2016-06-08/49221502963_e752abd663f106913c95_44.png",
    "image_68": "https://slack-files2.s3-us-west-2.amazonaws.com/avatars/2016-06-08/49221502963_e752abd663f106913c95_68.png",
    "image_88": "https://slack-files2.s3-us-west-2.amazonaws.com/avatars/2016-06-08/49221502963_e752abd663f106913c95_88.png",
    "image_102": "https://slack-files2.s3-us-west-2.amazonaws.com/avatars/2016-06-08/49221502963_e752abd663f106913c95_102.png",
    "image_132": "https://slack-files2.s3-us-west-2.amazonaws.com/avatars/2016-06-08/49221502963_e752abd663f106913c95_132.png",
    "image_230": "https://slack-files2.s3-us-west-2.amazonaws.com/avatars/2016-06-08/49221502963_e752abd663f106913c95_230.png",
    "image_original": "https://slack-files2.s3-us-west-2.amazonaws.com/avatars/2016-06-08/49221502963_e752abd663f106913c95_original.png"
  },
  "teamId": "T077KKCG6"
}
2018-02-06T10:24:36.308Z - info: UPDATE_UNREADS_INFO : {
  "unreads": 0,
  "unreadHighlights": 0,
  "showBullet": true,
  "teamId": "T077KKCG6"
}
2018-02-06T10:24:37.281Z - info: UPDATE_UNREADS_INFO : {
  "unreads": 1,
  "unreadHighlights": 0,
  "showBullet": true,
  "teamId": "T077KKCG6"
}
2018-02-06T10:30:32.962Z - info: UPDATE_UNREADS_INFO : {
  "unreads": 2,
  "unreadHighlights": 0,
  "showBullet": true,
  "teamId": "T077KKCG6"
}
2018-02-06T10:30:37.770Z - info: UPDATE_UNREADS_INFO : {
  "unreads": 3,
  "unreadHighlights": 0,
  "showBullet": true,
  "teamId": "T077KKCG6"
}
2018-02-06T10:42:17.797Z - info: UPDATE_UNREADS_INFO : {
  "unreads": 4,
  "unreadHighlights": 0,
  "showBullet": true,
  "teamId": "T077KKCG6"
}
2018-02-06T10:45:27.632Z - info: UPDATE_UNREADS_INFO : {
  "unreads": 4,
  "unreadHighlights": 0,
  "showBullet": true,
  "teamId": "T077KKCG6"
}
2018-02-06T10:49:22.637Z - info: UPDATE_UNREADS_INFO : {
  "unreads": 4,
  "unreadHighlights": 0,
  "showBullet": true,
  "teamId": "T077KKCG6"
}
2018-02-06T10:51:24.284Z - info: UPDATE_UNREADS_INFO : {
  "unreads": 4,
  "unreadHighlights": 0,
  "showBullet": true,
  "teamId": "T077KKCG6"
}
